make all --print-data-base --no-builtin-variables --no-builtin-rules --question
# GNU Make 4.3
# Built for x86_64-redhat-linux-gnu
# Copyright (C) 1988-2020 Free Software Foundation, Inc.
# License GPLv3+: GNU GPL version 3 or later <http://gnu.org/licenses/gpl.html>
# This is free software: you are free to change and redistribute it.
# There is NO WARRANTY, to the extent permitted by law.

# Make data base, printed on Sun Oct 15 01:16:54 2023

# Variables

# environment
GDK_BACKEND = x11
# environment
LC_ALL = C
# environment
NO_AT_BRIDGE = 1
# makefile (from 'Makefile', line 19)
EXT = cpp
# makefile (from 'Makefile', line 24)
OBJDIR = $(ROOTDIR)/build
# environment
LMOD_SETTARG_FULL_SUPPORT = no
# environment
VSCODE_CRASH_REPORTER_PROCESS_TYPE = extensionHost
# environment
VSCODE_CWD = /home/bkp/src
# makefile (from 'Makefile', line 4)
prefix = /usr/local
# default
MAKE_COMMAND := make
# environment
LMOD_ROOT = /usr/share/lmod
# automatic
@D = $(patsubst %/,%,$(dir $@))
# environment
VSCODE_HANDLES_UNCAUGHT_ERRORS = true
# default
.VARIABLES := 
# environment
PWD = /home/bkp/src/cgi_web
# automatic
%D = $(patsubst %/,%,$(dir $%))
# environment
HOSTNAME = alpha
# environment
MAIL = /var/spool/mail/bkp
# makefile (from 'Makefile', line 2)
BUILD_VERSION = 0.1.0
# environment
XDG_DATA_DIRS = /home/bkp/.local/share/flatpak/exports/share:/var/lib/flatpak/exports/share:/usr/local/share/:/usr/share/
# automatic
^D = $(patsubst %/,%,$(dir $^))
# automatic
%F = $(notdir $%)
# environment
VSCODE_CODE_CACHE_PATH = /home/bkp/.config/Code/CachedData/74f6148eb9ea00507ec113ec51c489d6ffb4b771
# environment
SSH_ASKPASS = /usr/libexec/openssh/gnome-ssh-askpass
# environment
LANG = C
# environment
XAUTHORITY = /run/lightdm/bkp/xauthority
# default
.LOADED := 
# default
.INCLUDE_DIRS = /usr/include /usr/local/include /usr/include
# makefile (from 'Makefile', line 5)
mandir = $(prefix)/share/man
# environment
LMOD_CMD = /usr/share/lmod/lmod/libexec/lmod
# makefile
MAKEFLAGS = pqrR
# makefile
CURDIR := /home/bkp/src/cgi_web
# environment
define BASH_FUNC_module%%
() {  if [ -z "${LMOD_SH_DBG_ON+x}" ]; then
 case "$-" in 
 *v*x*)
 __lmod_sh_dbg='vx'
 ;;
 *v*)
 __lmod_sh_dbg='v'
 ;;
 *x*)
 __lmod_sh_dbg='x'
 ;;
 esac;
 fi;
 if [ -n "${__lmod_sh_dbg:-}" ]; then
 set +$__lmod_sh_dbg;
 echo "Shell debugging temporarily silenced: export LMOD_SH_DBG_ON=1 for Lmod's output" 1>&2;
 fi;
 eval "$($LMOD_CMD shell "$@")" && eval "$(${LMOD_SETTARG_CMD:-:} -s sh)";
 __lmod_my_status=$?;
 if [ -n "${__lmod_sh_dbg:-}" ]; then
 echo "Shell debugging restarted" 1>&2;
 set -$__lmod_sh_dbg;
 fi;
 unset __lmod_sh_dbg;
 return $__lmod_my_status
}
endef
# environment
APPLICATION_INSIGHTS_NO_DIAGNOSTIC_CHANNEL = 1
# environment
LMOD_DIR = /usr/share/lmod/lmod/libexec
# environment
LESSOPEN = ||/usr/bin/lesspipe.sh %s
# automatic
*D = $(patsubst %/,%,$(dir $*))
# makefile (from 'Makefile', line 25)
streamyDIR = /home/bkp/src/streamy-cpp
# environment
MFLAGS = -pqrR
# default
.SHELLFLAGS := -c
# environment
HISTSIZE = 1000
# automatic
+D = $(patsubst %/,%,$(dir $+))
# makefile (from 'Makefile', line 1)
MAKEFILE_LIST := Makefile
# automatic
@F = $(notdir $@)
# environment
VSCODE_PID = 111194
# makefile (from 'Makefile', line 18)
APPNAME = cgi_web
# automatic
?D = $(patsubst %/,%,$(dir $?))
# makefile (from 'Makefile', line 6)
man1dir = $(mandir)/man1
# makefile (from 'Makefile', line 14)
INCLUDES = -I/usr/include/cgicc/
# automatic
*F = $(notdir $*)
# environment
MANPATH = /usr/share/lmod/lmod/share/man:
# environment
MODULEPATH = /etc/modulefiles:/usr/share/modulefiles:/usr/share/modulefiles/Linux:/usr/share/modulefiles/Core:/usr/share/lmod/lmod/modulefiles/Core
# environment
CHROME_DESKTOP = code-url-handler.desktop
# environment
DBUS_SESSION_BUS_ADDRESS = unix:path=/run/user/1002/bus
# automatic
<D = $(patsubst %/,%,$(dir $<))
# environment
VSCODE_NLS_CONFIG = {"locale":"en-us","osLocale":"en-us","availableLanguages":{},"_languagePackSupport":true}
# environment
define BASH_FUNC_ml%%
() {  eval "$($LMOD_DIR/ml_cmd "$@")"
}
endef
# default
MAKE_HOST := x86_64-redhat-linux-gnu
# makefile
SHELL = /bin/sh
# default
MAKECMDGOALS := all
# environment
DOTNET_BUNDLE_EXTRACT_BASE_DIR = /home/bkp/.cache/dotnet_bundle_extract
# environment
SHLVL = 0
# environment
MAKELEVEL := 0
# default
MAKE = $(MAKE_COMMAND)
# environment
PATH = /usr/local/bin:/usr/local/sbin:/usr/bin:/usr/sbin
# environment
MOZ_GMP_PATH = /usr/lib64/mozilla/plugins/gmp-gmpopenh264/system-installed
# default
MAKEFILES := 
# environment
MODULESHOME = /usr/share/lmod/lmod
# automatic
^F = $(notdir $^)
# environment
LMOD_sys = Linux
# environment
INVOCATION_ID = e4803d3f05514243b54bda0905f039d1
# automatic
?F = $(notdir $?)
# environment
KDEDIRS = /usr
# automatic
+F = $(notdir $+)
# environment
ORIGINAL_XDG_CURRENT_DESKTOP = undefined
# 'override' directive
GNUMAKEFLAGS := 
# environment
LOGNAME = bkp
# environment
GIO_LAUNCHED_DESKTOP_FILE = /usr/share/applications/code.desktop
# makefile (from 'Makefile', line 20)
EXE = cgi
# environment
BASH_ENV = /usr/share/lmod/lmod/init/bash
# makefile
.DEFAULT_GOAL := world
# environment
SYSTEMD_EXEC_PID = 5237
# environment
MODULEPATH_ROOT = /usr/share/modulefiles
# environment
HISTCONTROL = ignoreboth
# environment
EDITOR = /usr/local/bin/nvim
# environment
DISPLAY = :0
# environment
USER = bkp
# default
MAKE_VERSION := 4.3
# environment
MANAGERPID = 4626
# environment
DEBUGINFOD_URLS = https://debuginfod.fedoraproject.org/ 
# environment
GIO_LAUNCHED_DESKTOP_FILE_PID = 127008
# environment
_ = /usr/bin/make
# environment
XDG_RUNTIME_DIR = /run/user/1002
# environment
JOURNAL_STREAM = 8:70963
# environment
VSCODE_AMD_ENTRYPOINT = vs/workbench/api/node/extensionHostProcess
# environment
HOME = /home/bkp
# environment
ELECTRON_RUN_AS_NODE = 1
# environment
VSCODE_IPC_HOOK = /run/user/1002/vscode-dcd18289-1.80-main.sock
# makefile (from 'Makefile', line 23)
SRCDIR = $(ROOTDIR)/src
# default
.RECIPEPREFIX := 
# automatic
<F = $(notdir $<)
# default
SUFFIXES := 
# environment
LMOD_PKG = /usr/share/lmod/lmod
# makefile (from 'Makefile', line 10)
CXXFLAGS = -std=c++11 -DDEBUG -ggdb
# default
.FEATURES := target-specific order-only second-expansion else-if shortest-stem undefine oneshell nocomment grouped-target extra-prereqs archives jobserver output-sync check-symlink guile load
# makefile (from 'Makefile', line 9)
CXX = g++
# makefile (from 'Makefile', line 22)
BUILDDIR = $(ROOTDIR)/build
# makefile (from 'Makefile', line 21)
ROOTDIR = /home/bkp/src/cgi_web
# environment
DOTNET_ROOT = /usr/lib64/dotnet
# environment
LMOD_VERSION = 8.7.31
# variable set hash-table stats:
# Load=110/1024=11%, Rehash=0, Collisions=4/166=2%

# Pattern-specific Variable Values

# No pattern-specific variable values.

# Directories

# . (device 37, inode 1906165): 25 files, no impossibilities.

# 25 files, no impossibilities in 1 directories.

# Implicit Rules

# No implicit rules.

# Files

regex_find.cgi: utility.o main.o regex_find.o
#  Implicit rule search has not been done.
#  Modification time never checked.
#  File has not been updated.
#  recipe to execute (from 'Makefile', line 60):
	$(CXX) $(CXXFLAGS) $(BUILDDIR)/utility.o $(BUILDDIR)/main.o $(BUILDDIR)/regex_find.o -o $(BUILDDIR)/regex_find.$(EXE)

lex_all.cgi: utility.o
#  Implicit rule search has not been done.
#  Modification time never checked.
#  File has not been updated.
#  recipe to execute (from 'Makefile', line 81):
	$(CXX) $(CXXFLAGS) $(BUILDDIR)/utility.o $(SRCDIR)/lex_all.cpp -o $(BUILDDIR)/lex_all.cgi

load_conf.o:
#  Implicit rule search has not been done.
#  Modification time never checked.
#  File has not been updated.
#  recipe to execute (from 'Makefile', line 108):
	$(CXX) $(CXXFLAGS) -c $(SRCDIR)/load_conf.cpp -o $(BUILDDIR)/load_conf.o

test_if_sequence.cgi: utility.o
#  Implicit rule search has not been done.
#  Modification time never checked.
#  File has not been updated.
 
#  recipe to execute (from 'Makefile', line 72):
	$(CXX) $(CXXFLAGS) $(BUILDDIR)/utility.o $(SRCDIR)/test_if_sequence.cpp -o $(BUILDDIR)/test_if_sequence.cgi

# Not a target:
Makefile:
#  Implicit rule search has been done.
#  Last modified 2023-10-12 03:07:22.258784826
#  File has been updated.
#  Successfully updated.

find_tags.cgi: utility.o find_tags.o
#  Implicit rule search has not been done.
#  Modification time never checked.
#  File has not been updated.
#  recipe to execute (from 'Makefile', line 63):
	$(CXX) $(CXXFLAGS) $(BUILDDIR)/find_tags.o $(BUILDDIR)/utility.o -o $(BUILDDIR)/find_tags.$(EXE)

world: all dump_matches.o find_tags.o streamy_test.cgi default.cgi streamy.a cgi_test_script.cgi bash_test.cgi default_test.cgi lex.cgi
#  Implicit rule search has not been done.
#  Modification time never checked.
#  File has not been updated.
#  recipe to execute (from 'Makefile', line 37):
	$(CXX) $(CXXFLAGS) $(BUILDDIR)/dump.o $(BUILDDIR)/utility.o -o $(BUILDDIR)/dump.$(EXE)
	$(CXX) $(CXXFLAGS) $(BUILDDIR)/dump_matches.o $(BUILDDIR)/utility.o -o $(BUILDDIR)/dump_matches.$(EXE)
	$(CXX) $(CXXFLAGS) $(SRCDIR)/display_test.cpp $(BUILDDIR)/utility.o -o $(BUILDDIR)/display_test.$(EXE)
	$(CXX) $(CXXFLAGS) $(SRCDIR)/replace_test.cpp $(BUILDDIR)/utility.o -o $(BUILDDIR)/replace_test.$(EXE)
		

upload:
#  Phony target (prerequisite of .PHONY).
#  Implicit rule search has not been done.
#  File does not exist.
#  File has not been updated.
#  recipe to execute (from 'Makefile', line 136):
	cp -rf $(BUILDDIR)/*.$(EXE) /var/www/html/cgi
	

clean:
#  Phony target (prerequisite of .PHONY).
#  Implicit rule search has not been done.
#  File does not exist.
#  File has not been updated.
#  recipe to execute (from 'Makefile', line 144):
	-rm -f $(BUILDDIR)/*.$(EXE) $(BUILDDIR)/*.[oa]
	

test_comment.cgi:
#  Implicit rule search has not been done.
#  Modification time never checked.
#  File has not been updated.
#  recipe to execute (from 'Makefile', line 87):
	$(CXX) $(CXXFLAGS) $(BUILDDIR)/utility.o $(SRCDIR)/test_comment.cpp -o $(BUILDDIR)/test_comment.cgi

regex_find.o:
#  Implicit rule search has not been done.
#  Modification time never checked.
#  File has not been updated.
#  recipe to execute (from 'Makefile', line 123):
	$(CXX) $(CXXFLAGS) -c $(SRCDIR)/regex_find.cpp -o $(BUILDDIR)/regex_find.o

streamy.o:
#  Implicit rule search has not been done.
#  Modification time never checked.
#  File has not been updated.
#  recipe to execute (from 'Makefile', line 102):
	$(CXX) $(CXXFLAGS) -c $(streamyDIR)/src/streamy.cpp -o $(BUILDDIR)/streamy.o

# Not a target:
.DEFAULT:
#  Implicit rule search has not been done.
#  Modification time never checked.
#  File has not been updated.

test_sequence.cgi: utility.o
#  Implicit rule search has not been done.
#  Modification time never checked.
#  File has not been updated.
#  recipe to execute (from 'Makefile', line 84):
	$(CXX) $(CXXFLAGS) $(BUILDDIR)/utility.o $(SRCDIR)/test_sequence.cpp -o $(BUILDDIR)/test_sequence.cgi

all: utility.o load_conf.o dump.o find_tags.cgi regex_find.cgi test_include.cgi test_variable.cgi test_if_sequence.cgi test_foreach_sequence.cgi test_get_conf.cgi lex_all.cgi test_get_conf.cgi streamy_test.cgi test_sequence.cgi
#  Command line target.
#  Implicit rule search has not been done.
#  File does not exist.
#  File has been updated.
#  Needs to be updated (-q is set).
# variable set hash-table stats:
# Load=0/32=0%, Rehash=0, Collisions=0/8=0%
#  recipe to execute (from 'Makefile', line 45):
	$(CXX) $(CXXFLAGS) $(BUILDDIR)/load_conf.o $(BUILDDIR)/utility.o -o $(BUILDDIR)/load_conf.$(EXE)
	$(CXX) $(CXXFLAGS) $(BUILDDIR)/dump.o $(BUILDDIR)/utility.o -o $(BUILDDIR)/dump.$(EXE)
	

dump_matches.o:
#  Implicit rule search has not been done.
#  Modification time never checked.
#  File has not been updated.
#  recipe to execute (from 'Makefile', line 117):
	$(CXX) $(CXXFLAGS) -c $(SRCDIR)/dump_matches.cpp -o $(BUILDDIR)/dump_matches.o

cgi_test_script.cgi:
#  Implicit rule search has not been done.
#  Modification time never checked.
#  File has not been updated.
#  recipe to execute (from 'Makefile', line 114):
	$(CXX) $(CXXFLAGS) $(SRCDIR)/cgi_test_script.cpp $(LDFLAGS) -o $(BUILDDIR)/cgi_test_script.cgi

utility.o:
#  Implicit rule search has not been done.
#  Implicit/static pattern stem: ''
#  File does not exist.
#  File has been updated.
#  Needs to be updated (-q is set).
# automatic
# @ := utility.o
# automatic
# * := 
# automatic
# < := 
# automatic
# + := 
# automatic
# % := 
# automatic
# ^ := 
# automatic
# ? := 
# automatic
# | := 
# variable set hash-table stats:
# Load=8/32=25%, Rehash=0, Collisions=1/16=6%
#  recipe to execute (from 'Makefile', line 126):
	$(CXX) $(CXXFLAGS) -c $(ROOTDIR)/src/utility.cpp -o $(BUILDDIR)/utility.o

test_foreach_sequence.cgi: utility.o
#  Implicit rule search has not been done.
#  Modification time never checked.
#  File has not been updated.
#  recipe to execute (from 'Makefile', line 75):
	$(CXX) $(CXXFLAGS) $(BUILDDIR)/utility.o $(SRCDIR)/test_foreach_sequence.cpp -o $(BUILDDIR)/test_foreach_sequence.cgi

streamy.a: streamy.o
#  Implicit rule search has not been done.
#  Modification time never checked.
#  File has not been updated.
#  recipe to execute (from 'Makefile', line 99):
	ar rvs $(BUILDDIR)/streamy.a $(BUILDDIR)/streamy.o

main.o:
#  Implicit rule search has not been done.
#  Modification time never checked.
#  File has not been updated.
#  recipe to execute (from 'Makefile', line 105):
	$(CXX) $(CXXFLAGS) -c $(ROOTDIR)/src/main.$(EXT) -o $(BUILDDIR)/main.o

bash_test.cgi:
#  Implicit rule search has not been done.
#  Modification time never checked.
#  File has not been updated.
#  recipe to execute (from 'Makefile', line 132):
	cp -rf $(SRCDIR)/cgi_test_script.sh $(BUILDDIR)/bash_test.cgi

find_tags.o:
#  Implicit rule search has not been done.
#  Modification time never checked.
#  File has not been updated.
#  recipe to execute (from 'Makefile', line 120):
	$(CXX) $(CXXFLAGS) -c $(SRCDIR)/find_tags.cpp -o $(BUILDDIR)/find_tags.o

test_include.cgi:
#  Implicit rule search has not been done.
#  Modification time never checked.
#  File has not been updated.
#  recipe to execute (from 'Makefile', line 90):
	$(CXX) $(CXXFLAGS) $(BUILDDIR)/utility.o $(SRCDIR)/test_include.cpp -o $(BUILDDIR)/test_include.cgi

streamy_test.cgi: streamy.o
#  Implicit rule search has not been done.
#  Modification time never checked.
#  File has not been updated.
#  recipe to execute (from 'Makefile', line 66):
	$(CXX) $(CXXFLAGS) $(SRCDIR)/streamy_test.cpp $(BUILDDIR)/streamy.o $(BUILDDIR)/utility.o -o $(BUILDDIR)/streamy_test.$(EXE)

default.cgi: streamy.o utility.o
#  Implicit rule search has not been done.
#  Modification time never checked.
#  File has not been updated.
#  recipe to execute (from 'Makefile', line 49):
	$(CXX) $(CXXFLAGS) $(SRCDIR)/index1.cpp $(BUILDDIR)/streamy.o $(BUILDDIR)/utility.o $(LDFLAGS) -o $(BUILDDIR)/default.$(EXE)

test_variable.cgi:
#  Implicit rule search has not been done.
#  Modification time never checked.
#  File has not been updated.
#  recipe to execute (from 'Makefile', line 96):
	$(CXX) $(CXXFLAGS) $(BUILDDIR)/utility.o $(SRCDIR)/test_variable.cpp -o $(BUILDDIR)/test_variable.cgi

clean_upload:
#  Phony target (prerequisite of .PHONY).
#  Implicit rule search has not been done.
#  File does not exist.
#  File has not been updated.
#  recipe to execute (from 'Makefile', line 140):
	rm $(BUILDDIR)/*.$(EXE)
	

test_get_conf.cgi: utility.o
#  Implicit rule search has not been done.
#  Modification time never checked.
#  File has not been updated.
#  recipe to execute (from 'Makefile', line 93):
	$(CXX) $(CXXFLAGS) $(BUILDDIR)/utility.o $(SRCDIR)/test_get_conf.cpp -o $(BUILDDIR)/test_get_conf.cgi

# Not a target:
.SUFFIXES:
#  Implicit rule search has not been done.
#  Modification time never checked.
#  File has not been updated.

lex.cgi: utility.o
#  Implicit rule search has not been done.
#  Modification time never checked.
#  File has not been updated.
#  recipe to execute (from 'Makefile', line 78):
	$(CXX) $(CXXFLAGS) $(BUILDDIR)/utility.o $(SRCDIR)/lex.cpp -o $(BUILDDIR)/lex.cgi

.PHONY: upload clean_upload clean
#  Implicit rule search has not been done.
#  Modification time never checked.
#  File has not been updated.

fast: default_test.cgi
#  Implicit rule search has not been done.
#  Modification time never checked.
#  File has not been updated.

default_test.cgi: streamy.o utility.o
#  Implicit rule search has not been done.
#  Modification time never checked.
#  File has not been updated.
#  recipe to execute (from 'Makefile', line 54):
	$(CXX) $(CXXFLAGS) $(SRCDIR)/default_test.cpp $(BUILDDIR)/streamy.o $(BUILDDIR)/utility.o $(LDFLAGS) -o $(BUILDDIR)/default_test.$(EXE)

dump.o:
#  Implicit rule search has not been done.
#  Modification time never checked.
#  File has not been updated.
#  recipe to execute (from 'Makefile', line 111):
	$(CXX) $(CXXFLAGS) -c $(SRCDIR)/dump.cpp -o $(BUILDDIR)/dump.o

# files hash-table stats:
# Load=35/1024=3%, Rehash=0, Collisions=0/121=0%
# VPATH Search Paths

# No 'vpath' search paths.

# No general ('VPATH' variable) search path.

# strcache buffers: 1 (0) / strings = 61 / storage = 653 B / avg = 10 B
# current buf: size = 8162 B / used = 653 B / count = 61 / avg = 10 B

# strcache performance: lookups = 148 / hit rate = 58%
# hash-table stats:
# Load=61/8192=1%, Rehash=0, Collisions=0/148=0%
# Finished Make data base on Sun Oct 15 01:16:54 2023

 
